<?xml version="1.0" encoding="UTF-8"?>
<!-- Generated by org.testng.reporters.JUnitReportReporter -->
<testsuite hostname="pc" name="com.nesfb.qa.test.HomepageTest" tests="1" failures="0" timestamp="19 Jul 2020 13:37:33 GMT" time="20.068" errors="0">
  <testcase name="VerifyTitleTest" time="20.068" classname="com.nesfb.qa.test.HomepageTest"/>
</testsuite> <!-- com.nesfb.qa.test.HomepageTest -->
