<?xml version="1.0" encoding="UTF-8"?>
<!-- Generated by org.testng.reporters.JUnitReportReporter -->
<testsuite hostname="pc" name="com.nesfb.qa.test.LoginPageTest" tests="4" failures="0" timestamp="19 Jul 2020 13:37:33 GMT" time="20.462" errors="0">
  <testcase name="Loginwithpw" time="0.596" classname="com.nesfb.qa.test.LoginPageTest"/>
  <testcase name="teardown" time="3.002" classname="com.nesfb.qa.test.LoginPageTest"/>
  <testcase name="LoginTest" time="1.776" classname="com.nesfb.qa.test.LoginPageTest"/>
  <testcase name="setup" time="15.088" classname="com.nesfb.qa.test.LoginPageTest"/>
</testsuite> <!-- com.nesfb.qa.test.LoginPageTest -->
