<?xml version="1.0" encoding="UTF-8"?>
<!-- Generated by org.testng.reporters.JUnitReportReporter -->
<testsuite hostname="pc" name="com.nesfb.qa.test.OwnAccountTransferTest" tests="7" failures="0" timestamp="20 Jul 2020 08:32:50 GMT" time="28.217" errors="0">
  <testcase name="NarrationfieldTest" time="0.760" classname="com.nesfb.qa.test.OwnAccountTransferTest"/>
  <testcase name="OwnAccountTest" time="5.099" classname="com.nesfb.qa.test.OwnAccountTransferTest"/>
  <testcase name="AccountTest" time="3.091" classname="com.nesfb.qa.test.OwnAccountTransferTest"/>
  <testcase name="FromAccountfieldTest" time="0.751" classname="com.nesfb.qa.test.OwnAccountTransferTest"/>
  <testcase name="AmountfieldTest" time="0.721" classname="com.nesfb.qa.test.OwnAccountTransferTest"/>
  <testcase name="setup" time="17.540" classname="com.nesfb.qa.test.OwnAccountTransferTest"/>
  <testcase name="submitbtnTest" time="0.255" classname="com.nesfb.qa.test.OwnAccountTransferTest"/>
</testsuite> <!-- com.nesfb.qa.test.OwnAccountTransferTest -->
