<?xml version="1.0" encoding="UTF-8"?>
<!-- Generated by org.testng.reporters.JUnitReportReporter -->
<testsuite skipped="0" hostname="pc" name="com.nesfb.qa.test.HomepageTest" tests="1" failures="0" timestamp="2020-05-31T13:25:25 IST" time="16.131" errors="0">
  <testcase name="banklogotest" time="16.131" classname="com.nesfb.qa.test.HomepageTest"/>
  <system-out/>
</testsuite> <!-- com.nesfb.qa.test.HomepageTest -->
