<?xml version="1.0" encoding="UTF-8"?>
<!-- Generated by org.testng.reporters.JUnitReportReporter -->
<testsuite skipped="0" hostname="pc" name="com.nesfb.qa.test.LoginPageTest" tests="4" failures="0" timestamp="2020-05-31T13:25:25 IST" time="19.669" errors="0">
  <testcase name="setup" time="15.925" classname="com.nesfb.qa.test.LoginPageTest"/>
  <system-out/>
  <testcase name="LoginTest" time="1.701" classname="com.nesfb.qa.test.LoginPageTest"/>
  <system-out/>
  <testcase name="Loginwithpw" time="0.583" classname="com.nesfb.qa.test.LoginPageTest"/>
  <system-out/>
  <testcase name="teardown" time="1.460" classname="com.nesfb.qa.test.LoginPageTest"/>
  <system-out/>
</testsuite> <!-- com.nesfb.qa.test.LoginPageTest -->
